<?xml version="1.0" encoding="UTF-8"?>
<testng-results ignored="2" total="14" passed="12" failed="0" skipped="0">
  <reporter-output>
  </reporter-output>
  <suite started-at="2025-07-16T00:36:21 IST" name="Gradle suite" finished-at="2025-07-16T00:39:20 IST" duration-ms="179060">
    <groups>
      <group name="Booking and Cancellation Flow">
        <method signature="testCase_03.TestCase03(java.lang.String,java.lang.String,java.lang.String,java.lang.String,java.lang.String,java.lang.String,java.lang.String,java.lang.String)[pri:3, instance:qtriptest.tests.testCase_03@506ae4d4]" name="TestCase03" class="qtriptest.tests.testCase_03"/>
      </group> <!-- Booking and Cancellation Flow -->
      <group name="Reliability Flow">
        <method signature="testCase_04.TestCase04(java.lang.String,java.lang.String,java.lang.String,java.lang.String,java.lang.String,java.lang.String)[pri:4, instance:qtriptest.tests.testCase_04@7d4f9aae]" name="TestCase04" class="qtriptest.tests.testCase_04"/>
      </group> <!-- Reliability Flow -->
      <group name="Search and Filter Flow">
        <method signature="testCase_02.TestCase02(java.lang.String,java.lang.String,java.lang.String,java.lang.String,java.lang.String,java.lang.String)[pri:0, instance:qtriptest.tests.testCase_02@b9b00e0]" name="TestCase02" class="qtriptest.tests.testCase_02"/>
      </group> <!-- Search and Filter Flow -->
      <group name="Login Flow">
        <method signature="testCase_01.TestCase01(java.lang.String,java.lang.String,java.lang.String)[pri:1, instance:qtriptest.tests.testCase_01@13fd2ccd]" name="TestCase01" class="qtriptest.tests.testCase_01"/>
      </group> <!-- Login Flow -->
    </groups>
    <test started-at="2025-07-16T00:36:21 IST" name="Gradle test" finished-at="2025-07-16T00:39:20 IST" duration-ms="179060">
      <class name="qtriptest.tests.testCase_01">
        <test-method is-config="true" signature="setUp()[pri:0, instance:qtriptest.tests.testCase_01@13fd2ccd]" started-at="2025-07-16T00:36:42 IST" name="setUp" finished-at="2025-07-16T00:36:43 IST" duration-ms="858" status="PASS">
          <reporter-output>
          </reporter-output>
        </test-method> <!-- setUp -->
        <test-method signature="TestCase01(java.lang.String,java.lang.String,java.lang.String)[pri:1, instance:qtriptest.tests.testCase_01@13fd2ccd]" started-at="2025-07-16T00:36:43 IST" name="TestCase01" data-provider="data-provider" finished-at="2025-07-16T00:36:48 IST" duration-ms="5147" status="PASS">
          <params>
            <param index="0">
              <value>
                <![CDATA[1]]>
              </value>
            </param>
            <param index="1">
              <value>
                <![CDATA[testuser@gmail.com]]>
              </value>
            </param>
            <param index="2">
              <value>
                <![CDATA[abc@123]]>
              </value>
            </param>
          </params>
          <reporter-output>
          </reporter-output>
        </test-method> <!-- TestCase01 -->
        <test-method is-config="true" signature="tearDown()[pri:0, instance:qtriptest.tests.testCase_01@13fd2ccd]" started-at="2025-07-16T00:36:48 IST" name="tearDown" finished-at="2025-07-16T00:36:49 IST" duration-ms="173" status="PASS">
          <reporter-output>
          </reporter-output>
        </test-method> <!-- tearDown -->
        <test-method is-config="true" signature="setUp()[pri:0, instance:qtriptest.tests.testCase_01@13fd2ccd]" started-at="2025-07-16T00:36:49 IST" name="setUp" finished-at="2025-07-16T00:36:50 IST" duration-ms="881" status="PASS">
          <reporter-output>
          </reporter-output>
        </test-method> <!-- setUp -->
        <test-method signature="TestCase01(java.lang.String,java.lang.String,java.lang.String)[pri:1, instance:qtriptest.tests.testCase_01@13fd2ccd]" started-at="2025-07-16T00:36:50 IST" name="TestCase01" data-provider="data-provider" finished-at="2025-07-16T00:36:54 IST" duration-ms="4009" status="PASS">
          <params>
            <param index="0">
              <value>
                <![CDATA[2]]>
              </value>
            </param>
            <param index="1">
              <value>
                <![CDATA[TESTUSER@gmail.com]]>
              </value>
            </param>
            <param index="2">
              <value>
                <![CDATA[123456]]>
              </value>
            </param>
          </params>
          <reporter-output>
          </reporter-output>
        </test-method> <!-- TestCase01 -->
        <test-method is-config="true" signature="tearDown()[pri:0, instance:qtriptest.tests.testCase_01@13fd2ccd]" started-at="2025-07-16T00:36:54 IST" name="tearDown" finished-at="2025-07-16T00:36:54 IST" duration-ms="158" status="PASS">
          <reporter-output>
          </reporter-output>
        </test-method> <!-- tearDown -->
        <test-method is-config="true" signature="setUp()[pri:0, instance:qtriptest.tests.testCase_01@13fd2ccd]" started-at="2025-07-16T00:36:54 IST" name="setUp" finished-at="2025-07-16T00:36:54 IST" duration-ms="685" status="PASS">
          <reporter-output>
          </reporter-output>
        </test-method> <!-- setUp -->
        <test-method signature="TestCase01(java.lang.String,java.lang.String,java.lang.String)[pri:1, instance:qtriptest.tests.testCase_01@13fd2ccd]" started-at="2025-07-16T00:36:54 IST" name="TestCase01" data-provider="data-provider" finished-at="2025-07-16T00:37:03 IST" duration-ms="8319" status="PASS">
          <params>
            <param index="0">
              <value>
                <![CDATA[3]]>
              </value>
            </param>
            <param index="1">
              <value>
                <![CDATA[123_USER_low@gmail.com]]>
              </value>
            </param>
            <param index="2">
              <value>
                <![CDATA[QWERTY!!!!]]>
              </value>
            </param>
          </params>
          <reporter-output>
          </reporter-output>
        </test-method> <!-- TestCase01 -->
        <test-method is-config="true" signature="tearDown()[pri:0, instance:qtriptest.tests.testCase_01@13fd2ccd]" started-at="2025-07-16T00:37:03 IST" name="tearDown" finished-at="2025-07-16T00:37:03 IST" duration-ms="149" status="PASS">
          <reporter-output>
          </reporter-output>
        </test-method> <!-- tearDown -->
      </class> <!-- qtriptest.tests.testCase_01 -->
      <class name="qtriptest.tests.testCase_04">
        <test-method is-config="true" signature="setup()[pri:0, instance:qtriptest.tests.testCase_04@7d4f9aae]" started-at="2025-07-16T00:37:56 IST" name="setup" finished-at="2025-07-16T00:37:57 IST" duration-ms="824" status="PASS">
          <reporter-output>
          </reporter-output>
        </test-method> <!-- setup -->
        <test-method signature="TestCase04(java.lang.String,java.lang.String,java.lang.String,java.lang.String,java.lang.String,java.lang.String)[pri:4, instance:qtriptest.tests.testCase_04@7d4f9aae]" started-at="2025-07-16T00:37:57 IST" name="TestCase04" data-provider="data-provider" finished-at="2025-07-16T00:38:24 IST" duration-ms="27237" status="PASS">
          <params>
            <param index="0">
              <value>
                <![CDATA[1]]>
              </value>
            </param>
            <param index="1">
              <value>
                <![CDATA[TC4_1@gmail.com]]>
              </value>
            </param>
            <param index="2">
              <value>
                <![CDATA[abc@123]]>
              </value>
            </param>
            <param index="3">
              <value>
                <![CDATA[Bengaluru;Niaboytown;Chicky;01-01-2027;2]]>
              </value>
            </param>
            <param index="4">
              <value>
                <![CDATA[Kolkata;Thton;Cha Cha;01-02-2027;3]]>
              </value>
            </param>
            <param index="5">
              <value>
                <![CDATA[Malaysia;Wootkentree;Bom Bom;02-12-2027;1]]>
              </value>
            </param>
          </params>
          <reporter-output>
          </reporter-output>
        </test-method> <!-- TestCase04 -->
        <test-method is-config="true" signature="teardown()[pri:0, instance:qtriptest.tests.testCase_04@7d4f9aae]" started-at="2025-07-16T00:38:24 IST" name="teardown" finished-at="2025-07-16T00:38:24 IST" duration-ms="148" status="PASS">
          <reporter-output>
          </reporter-output>
        </test-method> <!-- teardown -->
        <test-method is-config="true" signature="setup()[pri:0, instance:qtriptest.tests.testCase_04@7d4f9aae]" started-at="2025-07-16T00:38:24 IST" name="setup" finished-at="2025-07-16T00:38:25 IST" duration-ms="694" status="PASS">
          <reporter-output>
          </reporter-output>
        </test-method> <!-- setup -->
        <test-method signature="TestCase04(java.lang.String,java.lang.String,java.lang.String,java.lang.String,java.lang.String,java.lang.String)[pri:4, instance:qtriptest.tests.testCase_04@7d4f9aae]" started-at="2025-07-16T00:38:25 IST" name="TestCase04" data-provider="data-provider" finished-at="2025-07-16T00:38:51 IST" duration-ms="26628" status="PASS">
          <params>
            <param index="0">
              <value>
                <![CDATA[2]]>
              </value>
            </param>
            <param index="1">
              <value>
                <![CDATA[TC4_2@gmail.com]]>
              </value>
            </param>
            <param index="2">
              <value>
                <![CDATA[abc@321]]>
              </value>
            </param>
            <param index="3">
              <value>
                <![CDATA[Bengaluru;Fort Sionnnn;Chicky;01-01-2027;2]]>
              </value>
            </param>
            <param index="4">
              <value>
                <![CDATA[Kolkata;North Gelgoon;Cha Cha;01-02-2027;3]]>
              </value>
            </param>
            <param index="5">
              <value>
                <![CDATA[Malaysia;Wootkentree;Lya;02-12-2027;1]]>
              </value>
            </param>
          </params>
          <reporter-output>
          </reporter-output>
        </test-method> <!-- TestCase04 -->
        <test-method is-config="true" signature="teardown()[pri:0, instance:qtriptest.tests.testCase_04@7d4f9aae]" started-at="2025-07-16T00:38:51 IST" name="teardown" finished-at="2025-07-16T00:38:52 IST" duration-ms="126" status="PASS">
          <reporter-output>
          </reporter-output>
        </test-method> <!-- teardown -->
        <test-method is-config="true" signature="setup()[pri:0, instance:qtriptest.tests.testCase_04@7d4f9aae]" started-at="2025-07-16T00:38:52 IST" name="setup" finished-at="2025-07-16T00:38:52 IST" duration-ms="840" status="PASS">
          <reporter-output>
          </reporter-output>
        </test-method> <!-- setup -->
        <test-method signature="TestCase04(java.lang.String,java.lang.String,java.lang.String,java.lang.String,java.lang.String,java.lang.String)[pri:4, instance:qtriptest.tests.testCase_04@7d4f9aae]" started-at="2025-07-16T00:38:52 IST" name="TestCase04" data-provider="data-provider" finished-at="2025-07-16T00:39:20 IST" duration-ms="27698" status="PASS">
          <params>
            <param index="0">
              <value>
                <![CDATA[3]]>
              </value>
            </param>
            <param index="1">
              <value>
                <![CDATA[TC4_3@gmail.com]]>
              </value>
            </param>
            <param index="2">
              <value>
                <![CDATA[abc@321]]>
              </value>
            </param>
            <param index="3">
              <value>
                <![CDATA[Goa;Perthby;Chicky;01-01-2027;2]]>
              </value>
            </param>
            <param index="4">
              <value>
                <![CDATA[Bengaluru;Niaboytown;Chicky;01-01-2027;2]]>
              </value>
            </param>
            <param index="5">
              <value>
                <![CDATA[Bengaluru;Fort Sionnnn;Chicky;01-01-2027;2]]>
              </value>
            </param>
          </params>
          <reporter-output>
          </reporter-output>
        </test-method> <!-- TestCase04 -->
        <test-method is-config="true" signature="teardown()[pri:0, instance:qtriptest.tests.testCase_04@7d4f9aae]" started-at="2025-07-16T00:39:20 IST" name="teardown" finished-at="2025-07-16T00:39:20 IST" duration-ms="156" status="PASS">
          <reporter-output>
          </reporter-output>
        </test-method> <!-- teardown -->
      </class> <!-- qtriptest.tests.testCase_04 -->
      <class name="qtriptest.tests.testCase_03">
        <test-method is-config="true" signature="setup()[pri:0, instance:qtriptest.tests.testCase_03@506ae4d4]" started-at="2025-07-16T00:37:03 IST" name="setup" finished-at="2025-07-16T00:37:04 IST" duration-ms="806" status="PASS">
          <reporter-output>
          </reporter-output>
        </test-method> <!-- setup -->
        <test-method signature="TestCase03(java.lang.String,java.lang.String,java.lang.String,java.lang.String,java.lang.String,java.lang.String,java.lang.String,java.lang.String)[pri:3, instance:qtriptest.tests.testCase_03@506ae4d4]" started-at="2025-07-16T00:37:04 IST" name="TestCase03" data-provider="data-provider" finished-at="2025-07-16T00:37:20 IST" duration-ms="16578" status="PASS">
          <params>
            <param index="0">
              <value>
                <![CDATA[1]]>
              </value>
            </param>
            <param index="1">
              <value>
                <![CDATA[TC3_1@gmaill.com]]>
              </value>
            </param>
            <param index="2">
              <value>
                <![CDATA[abc@123]]>
              </value>
            </param>
            <param index="3">
              <value>
                <![CDATA[Bengaluru]]>
              </value>
            </param>
            <param index="4">
              <value>
                <![CDATA[Niaboytown]]>
              </value>
            </param>
            <param index="5">
              <value>
                <![CDATA[palam]]>
              </value>
            </param>
            <param index="6">
              <value>
                <![CDATA[16-11-2026]]>
              </value>
            </param>
            <param index="7">
              <value>
                <![CDATA[2]]>
              </value>
            </param>
          </params>
          <reporter-output>
          </reporter-output>
        </test-method> <!-- TestCase03 -->
        <test-method is-config="true" signature="teardown()[pri:0, instance:qtriptest.tests.testCase_03@506ae4d4]" started-at="2025-07-16T00:37:20 IST" name="teardown" finished-at="2025-07-16T00:37:21 IST" duration-ms="384" status="PASS">
          <reporter-output>
          </reporter-output>
        </test-method> <!-- teardown -->
        <test-method is-config="true" signature="setup()[pri:0, instance:qtriptest.tests.testCase_03@506ae4d4]" started-at="2025-07-16T00:37:21 IST" name="setup" finished-at="2025-07-16T00:37:22 IST" duration-ms="841" status="PASS">
          <reporter-output>
          </reporter-output>
        </test-method> <!-- setup -->
        <test-method signature="TestCase03(java.lang.String,java.lang.String,java.lang.String,java.lang.String,java.lang.String,java.lang.String,java.lang.String,java.lang.String)[pri:3, instance:qtriptest.tests.testCase_03@506ae4d4]" started-at="2025-07-16T00:37:22 IST" name="TestCase03" data-provider="data-provider" finished-at="2025-07-16T00:37:38 IST" duration-ms="16400" status="PASS">
          <params>
            <param index="0">
              <value>
                <![CDATA[2]]>
              </value>
            </param>
            <param index="1">
              <value>
                <![CDATA[TC3_2@gmail.com]]>
              </value>
            </param>
            <param index="2">
              <value>
                <![CDATA[abc@123]]>
              </value>
            </param>
            <param index="3">
              <value>
                <![CDATA[Singapore]]>
              </value>
            </param>
            <param index="4">
              <value>
                <![CDATA[Grand Ashland]]>
              </value>
            </param>
            <param index="5">
              <value>
                <![CDATA[biden]]>
              </value>
            </param>
            <param index="6">
              <value>
                <![CDATA[26-11-2026]]>
              </value>
            </param>
            <param index="7">
              <value>
                <![CDATA[4]]>
              </value>
            </param>
          </params>
          <reporter-output>
          </reporter-output>
        </test-method> <!-- TestCase03 -->
        <test-method is-config="true" signature="teardown()[pri:0, instance:qtriptest.tests.testCase_03@506ae4d4]" started-at="2025-07-16T00:37:38 IST" name="teardown" finished-at="2025-07-16T00:37:38 IST" duration-ms="405" status="PASS">
          <reporter-output>
          </reporter-output>
        </test-method> <!-- teardown -->
        <test-method is-config="true" signature="setup()[pri:0, instance:qtriptest.tests.testCase_03@506ae4d4]" started-at="2025-07-16T00:37:38 IST" name="setup" finished-at="2025-07-16T00:37:39 IST" duration-ms="748" status="PASS">
          <reporter-output>
          </reporter-output>
        </test-method> <!-- setup -->
        <test-method signature="TestCase03(java.lang.String,java.lang.String,java.lang.String,java.lang.String,java.lang.String,java.lang.String,java.lang.String,java.lang.String)[pri:3, instance:qtriptest.tests.testCase_03@506ae4d4]" started-at="2025-07-16T00:37:39 IST" name="TestCase03" data-provider="data-provider" finished-at="2025-07-16T00:37:55 IST" duration-ms="16166" status="PASS">
          <params>
            <param index="0">
              <value>
                <![CDATA[3]]>
              </value>
            </param>
            <param index="1">
              <value>
                <![CDATA[TC3_3@gmail.com]]>
              </value>
            </param>
            <param index="2">
              <value>
                <![CDATA[abc@123]]>
              </value>
            </param>
            <param index="3">
              <value>
                <![CDATA[Bangkok]]>
              </value>
            </param>
            <param index="4">
              <value>
                <![CDATA[Tifwales Ferry]]>
              </value>
            </param>
            <param index="5">
              <value>
                <![CDATA[prabhu]]>
              </value>
            </param>
            <param index="6">
              <value>
                <![CDATA[26-12-2026]]>
              </value>
            </param>
            <param index="7">
              <value>
                <![CDATA[1]]>
              </value>
            </param>
          </params>
          <reporter-output>
          </reporter-output>
        </test-method> <!-- TestCase03 -->
        <test-method is-config="true" signature="teardown()[pri:0, instance:qtriptest.tests.testCase_03@506ae4d4]" started-at="2025-07-16T00:37:55 IST" name="teardown" finished-at="2025-07-16T00:37:56 IST" duration-ms="378" status="PASS">
          <reporter-output>
          </reporter-output>
        </test-method> <!-- teardown -->
      </class> <!-- qtriptest.tests.testCase_03 -->
      <class name="qtriptest.tests.testCase_02">
        <test-method is-config="true" signature="setUp()[pri:0, instance:qtriptest.tests.testCase_02@b9b00e0]" started-at="2025-07-16T00:36:23 IST" name="setUp" finished-at="2025-07-16T00:36:25 IST" duration-ms="1627" status="PASS">
          <reporter-output>
          </reporter-output>
        </test-method> <!-- setUp -->
        <test-method signature="TestCase02(java.lang.String,java.lang.String,java.lang.String,java.lang.String,java.lang.String,java.lang.String)[pri:0, instance:qtriptest.tests.testCase_02@b9b00e0]" started-at="2025-07-16T00:36:25 IST" name="TestCase02" data-provider="data-provider" finished-at="2025-07-16T00:36:31 IST" duration-ms="5682" status="PASS">
          <params>
            <param index="0">
              <value>
                <![CDATA[1]]>
              </value>
            </param>
            <param index="1">
              <value>
                <![CDATA[Bengaluru]]>
              </value>
            </param>
            <param index="2">
              <value>
                <![CDATA[Cycling Routes]]>
              </value>
            </param>
            <param index="3">
              <value>
                <![CDATA[6-12 Hours]]>
              </value>
            </param>
            <param index="4">
              <value>
                <![CDATA[1]]>
              </value>
            </param>
            <param index="5">
              <value>
                <![CDATA[9]]>
              </value>
            </param>
          </params>
          <reporter-output>
          </reporter-output>
        </test-method> <!-- TestCase02 -->
        <test-method is-config="true" signature="setUp()[pri:0, instance:qtriptest.tests.testCase_02@b9b00e0]" started-at="2025-07-16T00:36:31 IST" name="setUp" finished-at="2025-07-16T00:36:31 IST" duration-ms="114" status="PASS">
          <reporter-output>
          </reporter-output>
        </test-method> <!-- setUp -->
        <test-method signature="TestCase02(java.lang.String,java.lang.String,java.lang.String,java.lang.String,java.lang.String,java.lang.String)[pri:0, instance:qtriptest.tests.testCase_02@b9b00e0]" started-at="2025-07-16T00:36:31 IST" name="TestCase02" data-provider="data-provider" finished-at="2025-07-16T00:36:36 IST" duration-ms="5449" status="PASS">
          <params>
            <param index="0">
              <value>
                <![CDATA[2]]>
              </value>
            </param>
            <param index="1">
              <value>
                <![CDATA[Singapore]]>
              </value>
            </param>
            <param index="2">
              <value>
                <![CDATA[Hillside Getaways]]>
              </value>
            </param>
            <param index="3">
              <value>
                <![CDATA[6-12 Hours]]>
              </value>
            </param>
            <param index="4">
              <value>
                <![CDATA[1]]>
              </value>
            </param>
            <param index="5">
              <value>
                <![CDATA[8]]>
              </value>
            </param>
          </params>
          <reporter-output>
          </reporter-output>
        </test-method> <!-- TestCase02 -->
        <test-method is-config="true" signature="setUp()[pri:0, instance:qtriptest.tests.testCase_02@b9b00e0]" started-at="2025-07-16T00:36:36 IST" name="setUp" finished-at="2025-07-16T00:36:36 IST" duration-ms="154" status="PASS">
          <reporter-output>
          </reporter-output>
        </test-method> <!-- setUp -->
        <test-method signature="TestCase02(java.lang.String,java.lang.String,java.lang.String,java.lang.String,java.lang.String,java.lang.String)[pri:0, instance:qtriptest.tests.testCase_02@b9b00e0]" started-at="2025-07-16T00:36:36 IST" name="TestCase02" data-provider="data-provider" finished-at="2025-07-16T00:36:42 IST" duration-ms="5621" status="PASS">
          <params>
            <param index="0">
              <value>
                <![CDATA[3]]>
              </value>
            </param>
            <param index="1">
              <value>
                <![CDATA[Goa]]>
              </value>
            </param>
            <param index="2">
              <value>
                <![CDATA[Party Spots]]>
              </value>
            </param>
            <param index="3">
              <value>
                <![CDATA[2-6 Hours]]>
              </value>
            </param>
            <param index="4">
              <value>
                <![CDATA[1]]>
              </value>
            </param>
            <param index="5">
              <value>
                <![CDATA[11]]>
              </value>
            </param>
          </params>
          <reporter-output>
          </reporter-output>
        </test-method> <!-- TestCase02 -->
        <test-method is-config="true" signature="tearDown()[pri:0, instance:qtriptest.tests.testCase_02@b9b00e0]" started-at="2025-07-16T00:36:42 IST" name="tearDown" finished-at="2025-07-16T00:36:42 IST" duration-ms="210" status="PASS">
          <reporter-output>
          </reporter-output>
        </test-method> <!-- tearDown -->
      </class> <!-- qtriptest.tests.testCase_02 -->
    </test> <!-- Gradle test -->
  </suite> <!-- Gradle suite -->
</testng-results>
